2019-03-29 12:02:45,195	bogr2fsb4	0.0446150303	2214110.0000000000
2019-03-29 12:02:46,188	bogr2fsb4	1.0367050171	2213940.0000000000
2019-03-29 12:02:47,191	bogr2fsb4	2.0397698879	2213910.0000000000
2019-03-29 12:02:48,202	bogr2fsb4	3.0508060455	2214140.0000000000
2019-03-29 12:02:49,190	bogr2fsb4	4.0388779640	2212720.0000000000
2019-03-29 12:02:50,198	bogr2fsb4	5.0470058918	2212880.0000000000
2019-03-29 12:02:51,188	bogr2fsb4	6.0370130539	2213760.0000000000
2019-03-29 12:02:52,192	bogr2fsb4	7.0411179066	2214250.0000000000
2019-03-29 12:02:53,188	bogr2fsb4	8.0372240543	2214250.0000000000
2019-03-29 12:02:54,216	bogr2fsb4	9.0652489662	2213870.0000000000
2019-03-29 12:02:55,206	bogr2fsb4	10.0552179813	2213680.0000000000
2019-03-29 12:02:56,189	bogr2fsb4	11.0384349823	2213690.0000000000
2019-03-29 12:02:57,193	bogr2fsb4	12.0425150394	2214170.0000000000
2019-03-29 12:02:58,189	bogr2fsb4	13.0385401249	2214520.0000000000
2019-03-29 12:02:59,213	bogr2fsb4	14.0626089573	2214800.0000000000
2019-03-29 12:03:00,196	bogr2fsb4	15.0455529690	2214910.0000000000
2019-03-29 12:03:01,191	bogr2fsb4	16.0397861004	2214970.0000000000
2019-03-29 12:03:02,188	bogr2fsb4	17.0368928909	2215020.0000000000
2019-03-29 12:03:03,190	bogr2fsb4	18.0389668941	2214980.0000000000
2019-03-29 12:03:04,195	bogr2fsb4	19.0440421104	2214800.0000000000
2019-03-29 12:03:05,225	bogr2fsb4	20.0741059780	2214510.0000000000
2019-03-29 12:03:06,215	bogr2fsb4	21.0641489029	2214140.0000000000
2019-03-29 12:03:07,198	bogr2fsb4	22.0471730232	2213400.0000000000
2019-03-29 12:03:08,196	bogr2fsb4	23.0452609062	2213040.0000000000
2019-03-29 12:03:09,188	bogr2fsb4	24.0372049809	2213210.0000000000
2019-03-29 12:03:10,190	bogr2fsb4	25.0393319130	2213970.0000000000
2019-03-29 12:03:11,201	bogr2fsb4	26.0504429340	2213730.0000000000
2019-03-29 12:03:12,189	bogr2fsb4	27.0384581089	2213700.0000000000
2019-03-29 12:03:13,193	bogr2fsb4	28.0425629616	2214090.0000000000
2019-03-29 12:03:14,188	bogr2fsb4	29.0376050472	2214270.0000000000
2019-03-29 12:03:15,192	bogr2fsb4	30.0416259766	2214390.0000000000
2019-03-29 12:03:16,189	bogr2fsb4	31.0377070904	2214440.0000000000
2019-03-29 12:03:17,217	bogr2fsb4	32.0658030510	2214310.0000000000
2019-03-29 12:03:18,207	bogr2fsb4	33.0557661057	2214210.0000000000
2019-03-29 12:03:19,190	bogr2fsb4	34.0388510227	2214020.0000000000
2019-03-29 12:03:20,194	bogr2fsb4	35.0429139137	2213980.0000000000
2019-03-29 12:03:21,188	bogr2fsb4	36.0370030403	2214160.0000000000
2019-03-29 12:03:22,214	bogr2fsb4	37.0630700588	2214360.0000000000
2019-03-29 12:03:23,197	bogr2fsb4	38.0461080074	2214420.0000000000
2019-03-29 12:03:24,191	bogr2fsb4	39.0402929783	2214540.0000000000
2019-03-29 12:03:25,189	bogr2fsb4	40.0383009911	2214570.0000000000
2019-03-29 12:03:26,190	bogr2fsb4	41.0393190384	2214440.0000000000
2019-03-29 12:03:27,188	bogr2fsb4	42.0375120640	2214440.0000000000
2019-03-29 12:03:28,225	bogr2fsb4	43.0746109486	2214410.0000000000
2019-03-29 12:03:29,210	bogr2fsb4	44.0587029457	2214380.0000000000
2019-03-29 12:03:30,198	bogr2fsb4	45.0468199253	2214390.0000000000
2019-03-29 12:03:31,197	bogr2fsb4	46.0458889008	2214430.0000000000
2019-03-29 12:03:32,188	bogr2fsb4	47.0368900299	2214270.0000000000
2019-03-29 12:03:33,191	bogr2fsb4	48.0401201248	2214160.0000000000
2019-03-29 12:03:34,202	bogr2fsb4	49.0511100292	2213890.0000000000
2019-03-29 12:03:35,190	bogr2fsb4	50.0392041206	2213650.0000000000
2019-03-29 12:03:36,194	bogr2fsb4	51.0432770252	2213460.0000000000
2019-03-29 12:03:37,188	bogr2fsb4	52.0374329090	2213230.0000000000
2019-03-29 12:03:38,192	bogr2fsb4	53.0415139198	2212870.0000000000
2019-03-29 12:03:39,188	bogr2fsb4	54.0374319553	2212740.0000000000
2019-03-29 12:03:40,216	bogr2fsb4	55.0656170845	2212980.0000000000
2019-03-29 12:03:41,206	bogr2fsb4	56.0555949211	2212800.0000000000
2019-03-29 12:03:42,189	bogr2fsb4	57.0386440754	2213040.0000000000
2019-03-29 12:03:43,188	bogr2fsb4	58.0367031097	2212880.0000000000
2019-03-29 12:03:44,189	bogr2fsb4	59.0376899242	2212550.0000000000
2019-03-29 12:03:45,214	bogr2fsb4	60.0629260540	2212460.0000000000
2019-03-29 12:03:46,194	bogr2fsb4	61.0430550575	2212520.0000000000
2019-03-29 12:03:47,192	bogr2fsb4	62.0411159992	2212060.0000000000
2019-03-29 12:03:48,188	bogr2fsb4	63.0372281075	2211880.0000000000
2019-03-29 12:03:49,190	bogr2fsb4	64.0393021107	2212580.0000000000
2019-03-29 12:03:50,188	bogr2fsb4	65.0373539925	2212220.0000000000
2019-03-29 12:03:51,225	bogr2fsb4	66.0744359493	2211800.0000000000
2019-03-29 12:03:52,210	bogr2fsb4	67.0595068932	2210550.0000000000
2019-03-29 12:03:53,198	bogr2fsb4	68.0476260185	2211920.0000000000
2019-03-29 12:03:54,197	bogr2fsb4	69.0456569195	2211750.0000000000
2019-03-29 12:03:55,188	bogr2fsb4	70.0368130207	2211650.0000000000
2019-03-29 12:03:56,192	bogr2fsb4	71.0407879353	2211820.0000000000
2019-03-29 12:03:57,203	bogr2fsb4	72.0518150330	2212050.0000000000
2019-03-29 12:03:58,191	bogr2fsb4	73.0399351120	2212050.0000000000
2019-03-29 12:03:59,194	bogr2fsb4	74.0430159569	2211920.0000000000
2019-03-29 12:04:00,188	bogr2fsb4	75.0370080471	2211650.0000000000
2019-03-29 12:04:01,193	bogr2fsb4	76.0420999527	2211400.0000000000
2019-03-29 12:04:02,188	bogr2fsb4	77.0371570587	2211310.0000000000
2019-03-29 12:04:03,217	bogr2fsb4	78.0661909580	2211010.0000000000
2019-03-29 12:04:04,207	bogr2fsb4	79.0564720631	2211180.0000000000
2019-03-29 12:04:05,190	bogr2fsb4	80.0393130779	2211320.0000000000
2019-03-29 12:04:06,194	bogr2fsb4	81.0434060097	2211260.0000000000
2019-03-29 12:04:07,188	bogr2fsb4	82.0375790596	2210970.0000000000
2019-03-29 12:04:08,214	bogr2fsb4	83.0635390282	2210860.0000000000
2019-03-29 12:04:09,198	bogr2fsb4	84.0468139648	2210680.0000000000
2019-03-29 12:04:10,192	bogr2fsb4	85.0408968925	2211260.0000000000
2019-03-29 12:04:11,188	bogr2fsb4	86.0369279385	2211250.0000000000
2019-03-29 12:04:12,190	bogr2fsb4	87.0390830040	2210750.0000000000
2019-03-29 12:04:13,188	bogr2fsb4	88.0371398926	2210350.0000000000
2019-03-29 12:04:14,226	bogr2fsb4	89.0751891136	2210600.0000000000
2019-03-29 12:04:15,210	bogr2fsb4	90.0592329502	2210870.0000000000
2019-03-29 12:04:16,198	bogr2fsb4	91.0474081039	2211280.0000000000
2019-03-29 12:04:17,197	bogr2fsb4	92.0464351177	2211560.0000000000
2019-03-29 12:04:18,188	bogr2fsb4	93.0375459194	2211130.0000000000
2019-03-29 12:04:19,191	bogr2fsb4	94.0406389236	2210880.0000000000
2019-03-29 12:04:20,203	bogr2fsb4	95.0516910553	2210530.0000000000
2019-03-29 12:04:21,191	bogr2fsb4	96.0398359299	2210600.0000000000
2019-03-29 12:04:22,189	bogr2fsb4	97.0378170013	2210710.0000000000
2019-03-29 12:04:23,188	bogr2fsb4	98.0371229649	2210650.0000000000
2019-03-29 12:04:24,193	bogr2fsb4	99.0421910286	2210790.0000000000
2019-03-29 12:04:25,188	bogr2fsb4	100.0372960567	2210830.0000000000
2019-03-29 12:04:26,217	bogr2fsb4	101.0663731098	2210850.0000000000
2019-03-29 12:04:27,207	bogr2fsb4	102.0564811230	2210800.0000000000
2019-03-29 12:04:28,190	bogr2fsb4	103.0395629406	2210810.0000000000
2019-03-29 12:04:29,188	bogr2fsb4	104.0375809669	2210820.0000000000
2019-03-29 12:04:30,189	bogr2fsb4	105.0376799107	2210640.0000000000
2019-03-29 12:04:31,212	bogr2fsb4	106.0607819557	2211030.0000000000
2019-03-29 12:04:32,194	bogr2fsb4	107.0429151058	2210840.0000000000
2019-03-29 12:04:33,192	bogr2fsb4	108.0408899784	2209950.0000000000
2019-03-29 12:04:34,189	bogr2fsb4	109.0380139351	2210970.0000000000
2019-03-29 12:04:35,191	bogr2fsb4	110.0400900841	2210990.0000000000
2019-03-29 12:04:36,188	bogr2fsb4	111.0369460583	2210710.0000000000
2019-03-29 12:04:37,226	bogr2fsb4	112.0750670433	2211050.0000000000
2019-03-29 12:04:38,210	bogr2fsb4	113.0589759350	2211060.0000000000
2019-03-29 12:04:39,199	bogr2fsb4	114.0481469631	2210750.0000000000
2019-03-29 12:04:40,193	bogr2fsb4	115.0422370434	2210810.0000000000
2019-03-29 12:04:41,188	bogr2fsb4	116.0373070240	2210690.0000000000
2019-03-29 12:04:42,192	bogr2fsb4	117.0413599014	2210700.0000000000
2019-03-29 12:04:43,202	bogr2fsb4	118.0514659882	2210530.0000000000
2019-03-29 12:04:44,190	bogr2fsb4	119.0394570827	2210720.0000000000
2019-03-29 12:04:45,194	bogr2fsb4	120.0434839725	2210910.0000000000
2019-03-29 12:04:46,188	bogr2fsb4	121.0374100208	2211040.0000000000
2019-03-29 12:04:47,193	bogr2fsb4	122.0426280499	2211310.0000000000
2019-03-29 12:04:48,188	bogr2fsb4	123.0367140770	2211180.0000000000
2019-03-29 12:04:49,218	bogr2fsb4	124.0667331219	2211300.0000000000
2019-03-29 12:04:50,208	bogr2fsb4	125.0568358898	2210590.0000000000
2019-03-29 12:04:51,191	bogr2fsb4	126.0399479866	2212930.0000000000
2019-03-29 12:04:52,189	bogr2fsb4	127.0380239487	2210270.0000000000
2019-03-29 12:04:53,189	bogr2fsb4	128.0380899906	2211230.0000000000
2019-03-29 12:04:54,215	bogr2fsb4	129.0641028881	2211170.0000000000
2019-03-29 12:04:55,195	bogr2fsb4	130.0442080498	2211040.0000000000
2019-03-29 12:04:56,192	bogr2fsb4	131.0413908958	2210910.0000000000
2019-03-29 12:04:57,188	bogr2fsb4	132.0374739170	2210960.0000000000
2019-03-29 12:04:58,191	bogr2fsb4	133.0405929089	2210900.0000000000
2019-03-29 12:04:59,188	bogr2fsb4	134.0376100540	2210710.0000000000
2019-03-29 12:05:00,227	bogr2fsb4	135.0757141113	2210650.0000000000
2019-03-29 12:05:01,210	bogr2fsb4	136.0587010384	2210650.0000000000
2019-03-29 12:05:02,200	bogr2fsb4	137.0488269329	2210530.0000000000
2019-03-29 12:05:03,198	bogr2fsb4	138.0469069481	2210450.0000000000
2019-03-29 12:05:04,188	bogr2fsb4	139.0370581150	2210850.0000000000
2019-03-29 12:05:05,192	bogr2fsb4	140.0411140919	2210910.0000000000
2019-03-29 12:05:06,203	bogr2fsb4	141.0522150993	2210540.0000000000
2019-03-29 12:05:07,191	bogr2fsb4	142.0403668880	2210480.0000000000
2019-03-29 12:05:08,189	bogr2fsb4	143.0383319855	2210370.0000000000
2019-03-29 12:05:09,188	bogr2fsb4	144.0375139713	2210040.0000000000
2019-03-29 12:05:10,193	bogr2fsb4	145.0425930023	2210010.0000000000
2019-03-29 12:05:11,188	bogr2fsb4	146.0376179218	2210090.0000000000
2019-03-29 12:05:12,219	bogr2fsb4	147.0676939487	2210470.0000000000
2019-03-29 12:05:13,208	bogr2fsb4	148.0567600727	2210540.0000000000
2019-03-29 12:05:14,192	bogr2fsb4	149.0408470631	2210790.0000000000
2019-03-29 12:05:15,196	bogr2fsb4	150.0448880196	2212010.0000000000
2019-03-29 12:05:16,190	bogr2fsb4	151.0387549400	2210550.0000000000
2019-03-29 12:05:17,188	bogr2fsb4	152.0370910168	2211440.0000000000
2019-03-29 12:05:18,195	bogr2fsb4	153.0440669060	2211250.0000000000
2019-03-29 12:05:19,193	bogr2fsb4	154.0420880318	2210960.0000000000
2019-03-29 12:05:20,188	bogr2fsb4	155.0371899605	2210930.0000000000
2019-03-29 12:05:21,191	bogr2fsb4	156.0401859283	2210970.0000000000
2019-03-29 12:05:22,188	bogr2fsb4	157.0371069908	2210810.0000000000
2019-03-29 12:05:23,227	bogr2fsb4	158.0762569904	2210870.0000000000
2019-03-29 12:05:24,210	bogr2fsb4	159.0594029427	2210940.0000000000
